<?xml version="1.0" encoding="UTF-8"?>
<testsuite xmlns:xsi="http://www.w3.org/2001/XMLSchema-instance" xsi:noNamespaceSchemaLocation="https://maven.apache.org/surefire/maven-surefire-plugin/xsd/surefire-test-report.xsd" version="3.0.2" name="com.anki.service.Impl.EmployeeImplTest" time="0.374" tests="2" errors="0" skipped="0" failures="0">
  <properties>
[...]
</properties>
  <testcase name="testSaveEmployee" classname="com.anki.service.Impl.EmployeeImplTest" time="0.018">
    <system-out><![CDATA[2024-11-02T11:32:14.031+05:30  INFO 9592 --- [SpringBootPostgresql] [           main] t.c.s.AnnotationConfigContextLoaderUtils : Could not detect default configuration classes for test class [com.anki.service.Impl.EmployeeImplTest]: EmployeeImplTest does not declare any static, non-private, non-final, nested classes annotated with @Configuration.
2024-11-02T11:32:14.071+05:30  INFO 9592 --- [SpringBootPostgresql] [           main] .b.t.c.SpringBootTestContextBootstrapper : Found @SpringBootConfiguration com.anki.SpringBootPostgresqlApplication for test class com.anki.service.Impl.EmployeeImplTest
]]></system-out>
  </testcase>
  <testcase name="testGetEmployee" classname="com.anki.service.Impl.EmployeeImplTest" time="0.017">
    <system-out><![CDATA[com.anki.models.EmployeeDetails@4c6d5c17
]]></system-out>
  </testcase>
</testsuite>